build/app/intermediates/manifest_merge_blame_file/release/manifest-merger-blame-release-report.txt
1<?xml version="1.0" encoding="utf-8"?>
2<manifest xmlns:android="http://schemas.android.com/apk/res/android"
3    package="com.example.SAP_ASSEMBLY"
4    android:versionCode="1"
5    android:versionName="1.0.0" >
6
7    <uses-sdk
8        android:minSdkVersion="21"
9        android:targetSdkVersion="34" />
10
11    <!--
12         Required to query activities that can process text, see:
13         https://developer.android.com/training/package-visibility and
14         https://developer.android.com/reference/android/content/Intent#ACTION_PROCESS_TEXT.
15         In particular, this is used by the Flutter engine in io.flutter.plugin.text.ProcessTextPlugin.
16    -->
17    <queries>
17-->src/main/AndroidManifest.xml:51:5-56:15
18        <intent>
18-->src/main/AndroidManifest.xml:52:9-55:18
19            <action android:name="android.intent.action.PROCESS_TEXT" />
19-->src/main/AndroidManifest.xml:53:13-72
19-->src/main/AndroidManifest.xml:53:21-70
20
21            <data android:mimeType="text/plain" />
21-->src/main/AndroidManifest.xml:54:13-50
21-->src/main/AndroidManifest.xml:54:19-48
22        </intent>
23        <!-- Needs to be explicitly declared on Android R+ -->
24        <package android:name="com.google.android.apps.maps" />
24-->[com.google.android.gms:play-services-maps:18.2.0] AndroidManifest.xml:33:9-64
24-->[com.google.android.gms:play-services-maps:18.2.0] AndroidManifest.xml:33:18-61
25    </queries>
26    <!-- Include required permissions for Google Maps API to run. -->
27    <uses-permission android:name="android.permission.ACCESS_NETWORK_STATE" />
27-->[com.google.android.gms:play-services-maps:18.2.0] AndroidManifest.xml:23:5-79
27-->[com.google.android.gms:play-services-maps:18.2.0] AndroidManifest.xml:23:22-76
28    <uses-permission android:name="android.permission.INTERNET" />
28-->[com.google.android.gms:play-services-maps:18.2.0] AndroidManifest.xml:24:5-67
28-->[com.google.android.gms:play-services-maps:18.2.0] AndroidManifest.xml:24:22-64
29
30    <uses-feature
30-->[com.google.android.gms:play-services-maps:18.2.0] AndroidManifest.xml:26:5-28:35
31        android:glEsVersion="0x00020000"
31-->[com.google.android.gms:play-services-maps:18.2.0] AndroidManifest.xml:27:9-41
32        android:required="true" />
32-->[com.google.android.gms:play-services-maps:18.2.0] AndroidManifest.xml:28:9-32
33
34    <permission
34-->[androidx.core:core:1.13.1] AndroidManifest.xml:22:5-24:47
35        android:name="com.example.SAP_ASSEMBLY.DYNAMIC_RECEIVER_NOT_EXPORTED_PERMISSION"
35-->[androidx.core:core:1.13.1] AndroidManifest.xml:23:9-81
36        android:protectionLevel="signature" />
36-->[androidx.core:core:1.13.1] AndroidManifest.xml:24:9-44
37
38    <uses-permission android:name="com.example.SAP_ASSEMBLY.DYNAMIC_RECEIVER_NOT_EXPORTED_PERMISSION" />
38-->[androidx.core:core:1.13.1] AndroidManifest.xml:26:5-97
38-->[androidx.core:core:1.13.1] AndroidManifest.xml:26:22-94
39
40    <application
41        android:name="android.app.Application"
41-->src/main/AndroidManifest.xml:6:9-42
42        android:appComponentFactory="androidx.core.app.CoreComponentFactory"
42-->[androidx.core:core:1.13.1] AndroidManifest.xml:28:18-86
43        android:extractNativeLibs="true"
44        android:icon="@mipmap/ic_launcher"
44-->src/main/AndroidManifest.xml:7:9-43
45        android:label="SAP_ASSEMBLY"
45-->src/main/AndroidManifest.xml:5:9-37
46        android:usesCleartextTraffic="true" > <!-- Adicionado aqui -->
46-->src/main/AndroidManifest.xml:8:9-44
47
48        <activity
48-->src/main/AndroidManifest.xml:10:9-32:20
49            android:name="com.example.SAP_ASSEMBLY.MainActivity"
49-->src/main/AndroidManifest.xml:11:13-41
50            android:configChanges="orientation|keyboardHidden|keyboard|screenSize|smallestScreenSize|locale|layoutDirection|fontScale|screenLayout|density|uiMode"
50-->src/main/AndroidManifest.xml:16:13-163
51            android:exported="true"
51-->src/main/AndroidManifest.xml:12:13-36
52            android:hardwareAccelerated="true"
52-->src/main/AndroidManifest.xml:17:13-47
53            android:launchMode="singleTop"
53-->src/main/AndroidManifest.xml:13:13-43
54            android:taskAffinity=""
54-->src/main/AndroidManifest.xml:14:13-36
55            android:theme="@style/LaunchTheme"
55-->src/main/AndroidManifest.xml:15:13-47
56            android:windowSoftInputMode="adjustResize" >
56-->src/main/AndroidManifest.xml:18:13-55
57
58            <!--
59                 Specifies an Android theme to apply to this Activity as soon as
60                 the Android process has started. This theme is visible to the user
61                 while the Flutter UI initializes. After that, this theme continues
62                 to determine the Window background behind the Flutter UI.
63            -->
64            <meta-data
64-->src/main/AndroidManifest.xml:24:13-27:17
65                android:name="io.flutter.embedding.android.NormalTheme"
65-->src/main/AndroidManifest.xml:25:15-70
66                android:resource="@style/NormalTheme" />
66-->src/main/AndroidManifest.xml:26:15-52
67
68            <intent-filter>
68-->src/main/AndroidManifest.xml:28:13-31:29
69                <action android:name="android.intent.action.MAIN" />
69-->src/main/AndroidManifest.xml:29:17-68
69-->src/main/AndroidManifest.xml:29:25-66
70
71                <category android:name="android.intent.category.LAUNCHER" />
71-->src/main/AndroidManifest.xml:30:17-76
71-->src/main/AndroidManifest.xml:30:27-74
72            </intent-filter>
73        </activity>
74
75        <!-- Adicione a chave da API do Google Maps aqui -->
76        <meta-data
76-->src/main/AndroidManifest.xml:35:9-37:71
77            android:name="com.google.android.geo.API_KEY"
77-->src/main/AndroidManifest.xml:36:13-58
78            android:value="AIzaSyBh1hJzPfXI092WztTUEP-3pNgAY81fRpQ" /> <!-- Substitua YOUR_API_KEY_HERE pela sua chave de API -->
78-->src/main/AndroidManifest.xml:37:13-68
79
80
81        <!--
82             Don't delete the meta-data below.
83             This is used by the Flutter tool to generate GeneratedPluginRegistrant.java
84        -->
85        <meta-data
85-->src/main/AndroidManifest.xml:41:9-43:33
86            android:name="flutterEmbedding"
86-->src/main/AndroidManifest.xml:42:13-44
87            android:value="2" />
87-->src/main/AndroidManifest.xml:43:13-30
88
89        <activity
89-->[:url_launcher_android] AndroidManifest.xml:8:9-11:74
90            android:name="io.flutter.plugins.urllauncher.WebViewActivity"
90-->[:url_launcher_android] AndroidManifest.xml:9:13-74
91            android:exported="false"
91-->[:url_launcher_android] AndroidManifest.xml:10:13-37
92            android:theme="@android:style/Theme.NoTitleBar.Fullscreen" />
92-->[:url_launcher_android] AndroidManifest.xml:11:13-71
93
94        <uses-library
94-->[androidx.window:window:1.2.0] AndroidManifest.xml:23:9-25:40
95            android:name="androidx.window.extensions"
95-->[androidx.window:window:1.2.0] AndroidManifest.xml:24:13-54
96            android:required="false" />
96-->[androidx.window:window:1.2.0] AndroidManifest.xml:25:13-37
97        <uses-library
97-->[androidx.window:window:1.2.0] AndroidManifest.xml:26:9-28:40
98            android:name="androidx.window.sidecar"
98-->[androidx.window:window:1.2.0] AndroidManifest.xml:27:13-51
99            android:required="false" /> <!-- Needs to be explicitly declared on P+ -->
99-->[androidx.window:window:1.2.0] AndroidManifest.xml:28:13-37
100        <uses-library
100-->[com.google.android.gms:play-services-maps:18.2.0] AndroidManifest.xml:39:9-41:40
101            android:name="org.apache.http.legacy"
101-->[com.google.android.gms:play-services-maps:18.2.0] AndroidManifest.xml:40:13-50
102            android:required="false" />
102-->[com.google.android.gms:play-services-maps:18.2.0] AndroidManifest.xml:41:13-37
103
104        <activity
104-->[com.google.android.gms:play-services-base:18.0.1] AndroidManifest.xml:20:9-22:45
105            android:name="com.google.android.gms.common.api.GoogleApiActivity"
105-->[com.google.android.gms:play-services-base:18.0.1] AndroidManifest.xml:20:19-85
106            android:exported="false"
106-->[com.google.android.gms:play-services-base:18.0.1] AndroidManifest.xml:22:19-43
107            android:theme="@android:style/Theme.Translucent.NoTitleBar" />
107-->[com.google.android.gms:play-services-base:18.0.1] AndroidManifest.xml:21:19-78
108
109        <meta-data
109-->[com.google.android.gms:play-services-basement:18.0.0] AndroidManifest.xml:21:9-23:69
110            android:name="com.google.android.gms.version"
110-->[com.google.android.gms:play-services-basement:18.0.0] AndroidManifest.xml:22:13-58
111            android:value="@integer/google_play_services_version" />
111-->[com.google.android.gms:play-services-basement:18.0.0] AndroidManifest.xml:23:13-66
112
113        <provider
113-->[androidx.lifecycle:lifecycle-process:2.7.0] AndroidManifest.xml:24:9-32:20
114            android:name="androidx.startup.InitializationProvider"
114-->[androidx.lifecycle:lifecycle-process:2.7.0] AndroidManifest.xml:25:13-67
115            android:authorities="com.example.SAP_ASSEMBLY.androidx-startup"
115-->[androidx.lifecycle:lifecycle-process:2.7.0] AndroidManifest.xml:26:13-68
116            android:exported="false" >
116-->[androidx.lifecycle:lifecycle-process:2.7.0] AndroidManifest.xml:27:13-37
117            <meta-data
117-->[androidx.lifecycle:lifecycle-process:2.7.0] AndroidManifest.xml:29:13-31:52
118                android:name="androidx.lifecycle.ProcessLifecycleInitializer"
118-->[androidx.lifecycle:lifecycle-process:2.7.0] AndroidManifest.xml:30:17-78
119                android:value="androidx.startup" />
119-->[androidx.lifecycle:lifecycle-process:2.7.0] AndroidManifest.xml:31:17-49
120            <meta-data
120-->[androidx.profileinstaller:profileinstaller:1.3.1] AndroidManifest.xml:29:13-31:52
121                android:name="androidx.profileinstaller.ProfileInstallerInitializer"
121-->[androidx.profileinstaller:profileinstaller:1.3.1] AndroidManifest.xml:30:17-85
122                android:value="androidx.startup" />
122-->[androidx.profileinstaller:profileinstaller:1.3.1] AndroidManifest.xml:31:17-49
123        </provider>
124
125        <receiver
125-->[androidx.profileinstaller:profileinstaller:1.3.1] AndroidManifest.xml:34:9-52:20
126            android:name="androidx.profileinstaller.ProfileInstallReceiver"
126-->[androidx.profileinstaller:profileinstaller:1.3.1] AndroidManifest.xml:35:13-76
127            android:directBootAware="false"
127-->[androidx.profileinstaller:profileinstaller:1.3.1] AndroidManifest.xml:36:13-44
128            android:enabled="true"
128-->[androidx.profileinstaller:profileinstaller:1.3.1] AndroidManifest.xml:37:13-35
129            android:exported="true"
129-->[androidx.profileinstaller:profileinstaller:1.3.1] AndroidManifest.xml:38:13-36
130            android:permission="android.permission.DUMP" >
130-->[androidx.profileinstaller:profileinstaller:1.3.1] AndroidManifest.xml:39:13-57
131            <intent-filter>
131-->[androidx.profileinstaller:profileinstaller:1.3.1] AndroidManifest.xml:40:13-42:29
132                <action android:name="androidx.profileinstaller.action.INSTALL_PROFILE" />
132-->[androidx.profileinstaller:profileinstaller:1.3.1] AndroidManifest.xml:41:17-91
132-->[androidx.profileinstaller:profileinstaller:1.3.1] AndroidManifest.xml:41:25-88
133            </intent-filter>
134            <intent-filter>
134-->[androidx.profileinstaller:profileinstaller:1.3.1] AndroidManifest.xml:43:13-45:29
135                <action android:name="androidx.profileinstaller.action.SKIP_FILE" />
135-->[androidx.profileinstaller:profileinstaller:1.3.1] AndroidManifest.xml:44:17-85
135-->[androidx.profileinstaller:profileinstaller:1.3.1] AndroidManifest.xml:44:25-82
136            </intent-filter>
137            <intent-filter>
137-->[androidx.profileinstaller:profileinstaller:1.3.1] AndroidManifest.xml:46:13-48:29
138                <action android:name="androidx.profileinstaller.action.SAVE_PROFILE" />
138-->[androidx.profileinstaller:profileinstaller:1.3.1] AndroidManifest.xml:47:17-88
138-->[androidx.profileinstaller:profileinstaller:1.3.1] AndroidManifest.xml:47:25-85
139            </intent-filter>
140            <intent-filter>
140-->[androidx.profileinstaller:profileinstaller:1.3.1] AndroidManifest.xml:49:13-51:29
141                <action android:name="androidx.profileinstaller.action.BENCHMARK_OPERATION" />
141-->[androidx.profileinstaller:profileinstaller:1.3.1] AndroidManifest.xml:50:17-95
141-->[androidx.profileinstaller:profileinstaller:1.3.1] AndroidManifest.xml:50:25-92
142            </intent-filter>
143        </receiver>
144    </application>
145
146</manifest>